C:\Users\Lenovo\Desktop\python3Project\school\works\scout\check
C:\Users\Lenovo\Desktop\python3Project\school\works\scout\traindata\rfc.pkl
get_opcodes error!
RouteServiceProvider.php error!
get_opcodes error!
UserFactory.php error!
run_getStaticFeature error!
529.php error!
run_getStaticFeature error!
AK-74 Security Team Web Shell Beta Version.php error!
get_opcodes error!
Andela 1C3 v3 (Private Release 2017).php error!
run_getStaticFeature error!
Antichat Shell. Modified by Go0o$E.php error!
run_getStaticFeature error!
Ayyildiz Tim  -AYT- Shell v 2.1 Biz.php error!
run_getStaticFeature error!
aZRaiLPhp v1.0.php error!
run_getStaticFeature error!
CasuS 1.5.php error!
run_getStaticFeature error!
CrystalShell v.1.php error!
run_getStaticFeature error!
cw.php error!
run_getStaticFeature error!
Cyber Shell (v 1.0).php error!
run_getStaticFeature error!
cybershell.php error!
run_getStaticFeature error!
erne.php error!
run_getStaticFeature error!
ex0shell.php error!
run_getStaticFeature error!
fatal.php error!
run_getStaticFeature error!
GFS_web-shell_ver_3.1.7_-_PRiV8.php error!
run_getStaticFeature error!
KAdot Universal Shell v0.1.6.php error!
run_getStaticFeature error!
kral.php error!
run_getStaticFeature error!
Liz0ziM Private Safe Mode Command Execuriton Bypass Exploit.php error!
run_getStaticFeature error!
Loaderz WEB Shell.php error!
run_getStaticFeature error!
load_shell.php error!
get_opcodes error!
mysql_tool.php error!
run_getStaticFeature error!
NTDaddy v1.9.php error!
get_opcodes error!
PHPRemoteView.php error!
run_getStaticFeature error!
PhpSpy Ver 2006.php error!
get_opcodes error!
PinoyLULZSecPrivateShell2017.php error!
get_opcodes error!
Stupidc0de Shell (2017).php error!
Exception in Tkinter callback
Traceback (most recent call last):
  File "D:\Python3.9.2\lib\tkinter\__init__.py", line 1892, in __call__
    return self.func(*args)
  File "C:\Users\Lenovo\Desktop\python3Project\school\works\scout\main.py", line 191, in <lambda>
    check_button = Button(text="开始检测", font=('华文行楷', 20, 'bold'),command=lambda :run_check(result_listbox))
  File "C:\Users\Lenovo\Desktop\python3Project\school\works\scout\main.py", line 49, in run_check
    check(result_listbox)
  File "C:\Users\Lenovo\Desktop\python3Project\school\works\scout\main.py", line 60, in check
    rfc=joblib.load(loadmodel_name)
  File "C:\Users\Lenovo\Desktop\python3Project\venv\lib\site-packages\joblib\numpy_pickle.py", line 650, in load
    with open(filename, 'rb') as f:
FileNotFoundError: [Errno 2] No such file or directory: ''
Traceback (most recent call last):
  File "C:\Users\Lenovo\Desktop\python3Project\school\works\scout\main.py", line 216, in <module>
    run_tkinter_check()
  File "C:\Users\Lenovo\Desktop\python3Project\school\works\scout\main.py", line 199, in run_tkinter_check
    root_window.mainloop()
  File "D:\Python3.9.2\lib\tkinter\__init__.py", line 1429, in mainloop
    self.tk.mainloop(n)
KeyboardInterrupt
