run_getStaticFeature error!
2011.php error!
get_opcodes error!
2022-08-26-05.php error!
get_opcodes error!
20220206.php error!
run_getStaticFeature error!
angel大马.php error!
get_opcodes error!
ghost_source.php error!
run_getStaticFeature error!
icesword.php error!
run_getStaticFeature error!
itsec.php error!
get_opcodes error!
lnc.php error!
run_getStaticFeature error!
poison.php error!
run_getStaticFeature error!
r00ts php大马.php error!
run_getStaticFeature error!
spy.php error!
get_opcodes error!
system2022-08-22.php error!
run_getStaticFeature error!
c99_PSych0.php error!
run_getStaticFeature error!
Crystal.php error!
run_getStaticFeature error!
ctt_sh.php error!
run_getStaticFeature error!
Dx.php error!
run_getStaticFeature error!
gfs_sh.php error!
run_getStaticFeature error!
iMHaPFtp.php error!
run_getStaticFeature error!
NetworkFileManagerPHP.php error!
run_getStaticFeature error!
NIX REMOTE WEB-SHELL.php error!
run_getStaticFeature error!
nstview.php error!
run_getStaticFeature error!
PH Vayv.php error!
run_getStaticFeature error!
PHPRemoteView.php error!
run_getStaticFeature error!
r57shell.php error!
run_getStaticFeature error!
r57shell127.php error!
run_getStaticFeature error!
SnIpEr_SA Shell.php error!
run_getStaticFeature error!
EgY_SpIdEr ShElL V2.php error!
run_getStaticFeature error!
PHPJackal v1.5.php error!
run_getStaticFeature error!
Shell [ci] .Biz was here.php error!
run_getStaticFeature error!
2008.php error!
run_getStaticFeature error!
2009lite.php error!
run_getStaticFeature error!
2009mssql.php error!
run_getStaticFeature error!
phpspy2010.php error!
run_getStaticFeature error!
phpspy_2005_full.php error!
run_getStaticFeature error!
phpspy_2005_lite.php error!
run_getStaticFeature error!
phpspy_2006.php error!
get_opcodes error!
v4xGus6X.php error!
get_opcodes error!
404webshell.php error!
run_getStaticFeature error!
529.php error!
run_getStaticFeature error!
AK-74 Security Team Web Shell Beta Version.php error!
run_getStaticFeature error!
AK-74 Security Team.php error!
run_getStaticFeature error!
Antichat Shell. Modified by Go0o$E.php error!
run_getStaticFeature error!
Antichat Socks5 Server v 1.0.php error!
get_opcodes error!
ASPYDrvsInfo.php error!
get_opcodes error!
ava Server Faces MiniWebCmdShell 0.2 by HeartLESS.php error!
run_getStaticFeature error!
AventGrup-Sincap 1.0.php error!
run_getStaticFeature error!
Ayyildiz Tim  -AYT- Shell v 2.1 Biz.php error!
run_getStaticFeature error!
azrail 1.0 by C-W-M.php error!
run_getStaticFeature error!
aZRaiLPhp v1.0.php error!
run_getStaticFeature error!
aZRaiLPhp_v1.0.php error!
run_getStaticFeature error!
B374k Beta ShElL V1.php error!
run_getStaticFeature error!
Backdoor php v0.1 Coded By Charlichaplin.php error!
run_getStaticFeature error!
backdoorfr.php error!
run_getStaticFeature error!
BLaSTER.php error!
get_opcodes error!
Bnkqbakq.php error!
run_getStaticFeature error!
CasuS 1.5.php error!
run_getStaticFeature error!
Changing CHMOD Permissions Exploit.php error!
run_getStaticFeature error!
CrystalShell v.1.php error!
run_getStaticFeature error!
cw.php error!
run_getStaticFeature error!
Cyber Shell.php error!
run_getStaticFeature error!
cybershell.php error!
run_getStaticFeature error!
Deface Keeper 0.2.php error!
run_getStaticFeature error!
erne.php error!
run_getStaticFeature error!
ex0shell.php error!
run_getStaticFeature error!
exp.php error!
run_getStaticFeature error!
FaTaL Shell v1.0 - Edited By KingDefacer.php error!
run_getStaticFeature error!
fatal.php error!
run_getStaticFeature error!
GFS web-shell ver 3.1.7 - PRiV8.php error!
run_getStaticFeature error!
GFS_web-shell_ver_3.1.7_-_PRiV8.php error!
run_getStaticFeature error!
KAdot Universal Shell v0.1.6.php error!
run_getStaticFeature error!
KAdot_Universal_Shell_v0.1.6.php error!
run_getStaticFeature error!
KA_uShell 0.1.6.php error!
run_getStaticFeature error!
kral.php error!
run_getStaticFeature error!
Liz0ziM Private Safe Mode Command Execuriton Bypass Exploit.php error!
run_getStaticFeature error!
Loader'z WEB Shell v 0.1.0.2.php error!
run_getStaticFeature error!
Loaderz WEB Shell.php error!
run_getStaticFeature error!
load_shell.php error!
run_getStaticFeature error!
moon_1php.php error!
run_getStaticFeature error!
myshell.php error!
get_opcodes error!
mysql_tool.php error!
run_getStaticFeature error!
NGH.php error!
run_getStaticFeature error!
nShell v1.0.php error!
run_getStaticFeature error!
nshell.php error!
run_getStaticFeature error!
nsT View.php error!
run_getStaticFeature error!
NTDaddy v1.9.php error!
run_getStaticFeature error!
PHANTASMA.php error!
run_getStaticFeature error!
Php Backdoor v 1.0 by ^Jerem.php error!
run_getStaticFeature error!
PHP Web Shell by oTTo.php error!
run_getStaticFeature error!
PHP 搜索可读可写目录脚本.php error!
run_getStaticFeature error!
PhpSpy Ver 2006.php error!
run_getStaticFeature error!
PHP整站打包程序-By DoDo.php error!
run_getStaticFeature error!
PHP检测文件夹权限.php error!
run_getStaticFeature error!
PHVayv.php error!
run_getStaticFeature error!
PH_Vayv.php error!
run_getStaticFeature error!
rootshell.php error!
run_getStaticFeature error!
s72 Shell v1.0 Codinf by Cr@zy_King.php error!
run_getStaticFeature error!
s72 Shell v1.1 Coding.php error!
run_getStaticFeature error!
s72_Shell_v1.1_Coding.php error!
run_getStaticFeature error!
Safe0ver Shell -Safe Mod Bypass By Evilc0der.php error!
run_getStaticFeature error!
safe0ver.php error!
run_getStaticFeature error!
Security House - Shell Center - Edited By KingDefacer.php error!
run_getStaticFeature error!
Serv-U本地权限提升工具.php error!
run_getStaticFeature error!
Silic Group Hacker Army - BlackBap.Org.php error!
run_getStaticFeature error!
Silic Group php Webshell v3.php error!
run_getStaticFeature error!
Sincap 1.0.php error!
run_getStaticFeature error!
sniffer.php error!
run_getStaticFeature error!
Sosyete Safe Mode Bypass Shell - Edited By KingDefacer.php error!
run_getStaticFeature error!
sosyete.php error!
run_getStaticFeature error!
Spider PHP Shell (SPS-3.0).php error!
run_getStaticFeature error!
SPS-3.0免杀.php error!
run_getStaticFeature error!
stres.php error!
run_getStaticFeature error!
tryag.php error!
run_getStaticFeature error!
udf.dll 专用网马.php error!
run_getStaticFeature error!
Webcommander by Cr4sh_aka_RKL v0.3.9 NGH edition.php error!
run_getStaticFeature error!
www.zjjv.com.php error!
run_getStaticFeature error!
上传马.php error!
run_getStaticFeature error!
中国木马资源网-WwW.MumaSec.TK.php error!
run_getStaticFeature error!
仗剑孤行搜索可读可写目录脚本.php error!
run_getStaticFeature error!
菊花聊天室.php error!
run_getStaticFeature error!
client1.php error!
run_getStaticFeature error!
Adminer - Compact database management.php error!
run_getStaticFeature error!
091f4d33fe8f9ccfc76a0976a54396ad.php error!
run_getStaticFeature error!
0da3e2aa1745a397921ef9c7dcc72d6e.php error!
run_getStaticFeature error!
0e83217effdeb1f2e658bc2072c6f3c0.php error!
get_opcodes error!
1d4df8378d12faa1f1da54dbf4e58d39.php error!
run_getStaticFeature error!
26aff140c2f73f11d0c78b8823ade092.php error!
run_getStaticFeature error!
29c607c65dee7ee1e35497b59757a091.php error!
run_getStaticFeature error!
2a0b3f05d6613326e2f77efda8bd7c9d.php error!
run_getStaticFeature error!
2c09e48ee954dd7a4156606bad83fd63.php error!
run_getStaticFeature error!
3c7b93811ffd056b5952b80a517c10c2.php error!
run_getStaticFeature error!
3eb96d2bd532ff487617dd91948f8943.php error!
run_getStaticFeature error!
3f043fd6edd0192a61e1ab53118b86b2.php error!
run_getStaticFeature error!
518a1cfc5fa09e94e8b200f958f2a541.php error!
get_opcodes error!
5e74b8d3ac3844c24f0642b80a3c8696.php error!
run_getStaticFeature error!
69891a9d8e829e84e9ee5e7b3867d9a1.php error!
run_getStaticFeature error!
6b2548e859dd00dbf9e11487597b2c06.php error!
run_getStaticFeature error!
6c52d3770801569a93c553039d8894c9.php error!
run_getStaticFeature error!
7a3ca8e68648fcc0dcab19d9bc125cd8.php error!
run_getStaticFeature error!
7f65da62dd7a419c0256c900cf00d563.php error!
run_getStaticFeature error!
83c5a907b9f63d12c37b820e6ec5d973.php error!
run_getStaticFeature error!
86b02f64056978588b41c2840a577049.php error!
run_getStaticFeature error!
938605488102e4a11e999c48499aff0f.php error!
run_getStaticFeature error!
9475437496272cbd2e6c2570ca943adf.php error!
run_getStaticFeature error!
9847596d56371393326d7ce0cc1658d9.php error!
run_getStaticFeature error!
98f0efde7d112bea4ef1012d880efd03.php error!
run_getStaticFeature error!
a48296ad11ed041e4db9991af1057fb6.php error!
run_getStaticFeature error!
ab96a8103d9540a975110f605a2d9c49.php error!
run_getStaticFeature error!
ad.php error!
run_getStaticFeature error!
ad453c936c79bddce47b5ee58a49ee47.php error!
run_getStaticFeature error!
ak74shell.php error!
get_opcodes error!
aspydrv.php error!
run_getStaticFeature error!
a_gedit.php error!
run_getStaticFeature error!
backdoor1.php error!
run_getStaticFeature error!
backshell.php error!
run_getStaticFeature error!
beyaz_hacker.php error!
run_getStaticFeature error!
c100.php error!
run_getStaticFeature error!
c2007.php error!
get_opcodes error!
c4141bf9822e843190f3941d5017feb3.php error!
run_getStaticFeature error!
c914e066489e328ffe6141189f40ff70.php error!
run_getStaticFeature error!
c99madshell_v2.php error!
run_getStaticFeature error!
C99Shell v. 1.0 beta (5.02.2005).php error!
run_getStaticFeature error!
C99Shell v. 1.0 pre-release build(safe-mode).php error!
run_getStaticFeature error!
casus15.php error!
run_getStaticFeature error!
cba3e0e2e0bc97e937acf08c46f6d04c.php error!
run_getStaticFeature error!
cgi.php error!
run_getStaticFeature error!
cgitelnet.php error!
run_getStaticFeature error!
chat.php error!
run_getStaticFeature error!
Code.php error!
run_getStaticFeature error!
conf.php error!
run_getStaticFeature error!
Crystal shell.php error!
run_getStaticFeature error!
CTT Shell.php error!
run_getStaticFeature error!
CWShellDumper.php error!
run_getStaticFeature error!
Cyber Shell (v 1.0).php error!
run_getStaticFeature error!
d30d4089cf250b55e1bf50b25557c214.php error!
run_getStaticFeature error!
d323c6197032e14e174ddc8ee6f0667c.php error!
run_getStaticFeature error!
d9cf1b2722b240a33fe574ff9db63fb9.php error!
run_getStaticFeature error!
dama.php error!
run_getStaticFeature error!
DefaceKeeper.php error!
run_getStaticFeature error!
dm.php error!
run_getStaticFeature error!
dq.php error!
run_getStaticFeature error!
DxShell v1.0.php error!
run_getStaticFeature error!
DxShell.1.0.php error!
run_getStaticFeature error!
DxShell.php error!
run_getStaticFeature error!
ekin0x.php error!
run_getStaticFeature error!
evalproxy.php error!
run_getStaticFeature error!
f1bf35ceeea62e2f4a9206ef63b9ebcc.php error!
run_getStaticFeature error!
f33da350ebd11d559747c31267ffebcc.php error!
run_getStaticFeature error!
f77d4b1597d864a2447a07506637d5bc.php error!
run_getStaticFeature error!
FaTaLisTiCz_Fx.php error!
run_getStaticFeature error!
Fatalshell.php error!
run_getStaticFeature error!
fb50a1637e7add60d78b7f6205e3f14f.php error!
run_getStaticFeature error!
fd72f22edad8211c625b8ebbb0e26f26.php error!
run_getStaticFeature error!
GFS Web-Shell.php error!
run_getStaticFeature error!
hxpshell.php error!
run_getStaticFeature error!
iMHaBiRLiGi Php FTP.php error!
run_getStaticFeature error!
injection.php error!
run_getStaticFeature error!
JspWebshell 1.2.php error!
run_getStaticFeature error!
JspWebshell_1.2.php error!
run_getStaticFeature error!
kacak.php error!
run_getStaticFeature error!
links.php error!
run_getStaticFeature error!
Liz0ziM.php error!
run_getStaticFeature error!
moon.php error!
run_getStaticFeature error!
mysql.php error!
run_getStaticFeature error!
NFM 1.8.php error!
run_getStaticFeature error!
ngh.php error!
run_getStaticFeature error!
NIX REMOTE WEB SHELL.php error!
run_getStaticFeature error!
NIX REMOTE WEB-SHELL v.0.5 alpha Lite Public Version.php error!
run_getStaticFeature error!
NIX.php error!
run_getStaticFeature error!
NIX_REMOTE_WEB-SHELL_v.0.5_alpha_Lite_Public_Version.php error!
run_getStaticFeature error!
nst.php error!
run_getStaticFeature error!
nsTView v2.1.php error!
run_getStaticFeature error!
phpRemoteView.php error!
run_getStaticFeature error!
phpspy2011.php error!
run_getStaticFeature error!
phpspy2013.php error!
run_getStaticFeature error!
picconf.php error!
run_getStaticFeature error!
Private-i3lue.php error!
run_getStaticFeature error!
R0XEM ShElL.php error!
run_getStaticFeature error!
r57shell1.40.php error!
run_getStaticFeature error!
Rem.php error!
run_getStaticFeature error!
s-u.php error!
run_getStaticFeature error!
Safe0ver.php error!
run_getStaticFeature error!
shopma.php error!
run_getStaticFeature error!
SnIpEr_SA_Shell.php error!
run_getStaticFeature error!
SpecialShell_99.php error!
run_getStaticFeature error!
toolaspshell.php error!
run_getStaticFeature error!
webadmin.php error!
run_getStaticFeature error!
yjh.php error!
run_getStaticFeature error!
zehir4.php error!
run_getStaticFeature error!
zip.php error!
run_getStaticFeature error!
Traceback (most recent call last):
  File "C:\Users\Lenovo\Desktop\python3Project\school\works\scout\trainModel.py", line 68, in get_all_predata
    entropy,ic,evilfunctions=self.run_getStaticFeature(fullpath)
TypeError: cannot unpack non-iterable NoneType object

During handling of the above exception, another exception occurred:

Traceback (most recent call last):
  File "C:\Users\Lenovo\Desktop\python3Project\school\works\scout\main.py", line 98, in <module>
    trainmodel.run_trainModel()
  File "C:\Users\Lenovo\Desktop\python3Project\school\works\scout\trainModel.py", line 35, in run_trainModel
    self.get_all_predata()
  File "C:\Users\Lenovo\Desktop\python3Project\school\works\scout\trainModel.py", line 96, in get_all_predata
    print(filename+" error!")
  File "C:\Users\Lenovo\Desktop\python3Project\school\works\scout\Logger.py", line 14, in write
    self.log.write(message)
UnicodeEncodeError: 'gbk' codec can't encode character '\u278a' in position 0: illegal multibyte sequence
